빌드 시작: 2016-12-09 오전 2:53:32
     1>2 노드의 "C:\Users\EomJaeWoong\Documents\Visual Studio 2013\Projects\LanServer\LanServer\LanServer.vcxproj" 프로젝트(Build 대상)입니다.
     1>ClCompile:
         C:\Program Files (x86)\Microsoft Visual Studio 12.0\VC\bin\CL.exe /c /ZI /nologo /W3 /WX- /sdl /Od /Oy- /D WIN32 /D _DEBUG /D _CONSOLE /D _LIB /D _UNICODE /D UNICODE /Gm /EHsc /RTC1 /MDd /GS /fp:precise /Zc:wchar_t /Zc:forScope /Fo"Debug\\" /Fd"Debug\vc120.pdb" /Gd /TP /analyze- /errorReport:prompt LanServer.cpp LanServer_test.cpp
         LanServer_test.cpp
         LanServer.cpp
     1>c:\users\eomjaewoong\documents\visual studio 2013\projects\lanserver\lanserver\lanserver.cpp(111): warning C4101: 'wsaBuf' :참조되지 않은 지역 변수입니다.
     1>c:\users\eomjaewoong\documents\visual studio 2013\projects\lanserver\lanserver\lanserver.cpp(255): warning C4101: 'iCount' :참조되지 않은 지역 변수입니다.
     1>c:\users\eomjaewoong\documents\visual studio 2013\projects\lanserver\lanserver\lanserver.cpp(281): warning C4101: 'iCount' :참조되지 않은 지역 변수입니다.
         코드를 생성하고 있습니다...
       Link:
         C:\Program Files (x86)\Microsoft Visual Studio 12.0\VC\bin\link.exe /ERRORREPORT:PROMPT /OUT:"C:\Users\EomJaeWoong\Documents\Visual Studio 2013\Projects\LanServer\Debug\LanServer.exe" /INCREMENTAL /NOLOGO kernel32.lib user32.lib gdi32.lib winspool.lib comdlg32.lib advapi32.lib shell32.lib ole32.lib oleaut32.lib uuid.lib odbc32.lib odbccp32.lib /MANIFEST /MANIFESTUAC:"level='asInvoker' uiAccess='false'" /manifest:embed /DEBUG /PDB:"C:\Users\EomJaeWoong\Documents\Visual Studio 2013\Projects\LanServer\Debug\LanServer.pdb" /SUBSYSTEM:CONSOLE /TLBID:1 /DYNAMICBASE /NXCOMPAT /IMPLIB:"C:\Users\EomJaeWoong\Documents\Visual Studio 2013\Projects\LanServer\Debug\LanServer.lib" /MACHINE:X86 Debug\LanServer.obj
         Debug\LanServer_test.obj
         Debug\NPacket.obj
         Debug\StreamQueue.obj
         Debug\test.obj
         LanServer.vcxproj -> C:\Users\EomJaeWoong\Documents\Visual Studio 2013\Projects\LanServer\Debug\LanServer.exe
     1>"C:\Users\EomJaeWoong\Documents\Visual Studio 2013\Projects\LanServer\LanServer\LanServer.vcxproj" 프로젝트를 빌드했습니다(Build 대상).

빌드했습니다.

경과 시간: 00:00:00.99
